{"name": "test_tc_pa_007", "status": "broken", "statusDetails": {"message": "selenium.common.exceptions.TimeoutException: Message:", "trace": "self = <tests.ts_007.test_tc_pa_007.AIAnalyzer testMethod=test_tc_pa_007>\n\n    @allure.step(\"FNO Login into bpusa website\")\n    def test_tc_pa_007(self):\n        tc_pa = TC_PA_007(self.driver)\n        tc_pa.set_email(\"lightweb@zdaly.com\")\n        tc_pa.set_password(\"zdaly@2900\")\n        tc_pa.click_sign_in()\n        tc_pa.selectState()\n        tc_pa.selectStation()\n        tc_pa.aiAnalyzer()\n        tc_pa.newRole()\n        tc_pa.roleName(\"Role TC_PA_007\")\n        tc_pa.selectProductDropDown()\n        tc_pa.selectProduct()\n        tc_pa.creditType()\n        tc_pa.referenceType()\n        tc_pa.competetorType()\n        tc_pa.competetorTypeSelect()\n        tc_pa.refProduct()\n        tc_pa.refProductSelect()\n        tc_pa.referenceCalculation()\n        tc_pa.referenceCalcType()\n        tc_pa.plusIcon()\n        tc_pa.value(\"15\")\n        tc_pa.testStartDate(\"04/01/2022\")\n        tc_pa.testEndDate(\"04/15/2022\")\n        tc_pa.test()\n        time.sleep(2)\n>       tc_pa.checkTest()\n\ntests\\ts_007\\test_tc_pa_007.py:37: \n_ _ _ _ _ _ _ _ _ _ _ _ _ _ _ _ _ _ _ _ _ _ _ _ _ _ _ _ _ _ _ _ _ _ _ _ _ _ _ _ _ _ _ _ _ _ _ _ _ _ _ _ _ _ _ _ _ _ _ _ _ _ _ _ _ _ _ _ _ _ _ _ _ _ _ _ _ _ _ _ _ _ _ _ _ _ _ _ _ _ _ _\nPages\\tc_pa_007.py:143: in checkTest\n    test = wait.until(EC.visibility_of_element_located(\n_ _ _ _ _ _ _ _ _ _ _ _ _ _ _ _ _ _ _ _ _ _ _ _ _ _ _ _ _ _ _ _ _ _ _ _ _ _ _ _ _ _ _ _ _ _ _ _ _ _ _ _ _ _ _ _ _ _ _ _ _ _ _ _ _ _ _ _ _ _ _ _ _ _ _ _ _ _ _ _ _ _ _ _ _ _ _ _ _ _ _ _\n\nself = <selenium.webdriver.support.wait.WebDriverWait (session=\"cef2e122145a6a4dc199de9e87ce294f\")>\nmethod = <function visibility_of_element_located.<locals>._predicate at 0x00000235EEF81A60>, message = ''\n\n    def until(self, method, message=''):\n        \"\"\"Calls the method provided with the driver as an argument until the \\\n        return value does not evaluate to ``False``.\n    \n        :param method: callable(WebDriver)\n        :param message: optional message for :exc:`TimeoutException`\n        :returns: the result of the last call to `method`\n        :raises: :exc:`selenium.common.exceptions.TimeoutException` if timeout occurs\n        \"\"\"\n        screen = None\n        stacktrace = None\n    \n        end_time = time.monotonic() + self._timeout\n        while True:\n            try:\n                value = method(self._driver)\n                if value:\n                    return value\n            except InvalidSelectorException as e:\n                raise e\n            except self._ignored_exceptions as exc:\n                screen = getattr(exc, 'screen', None)\n                stacktrace = getattr(exc, 'stacktrace', None)\n            time.sleep(self._poll)\n            if time.monotonic() > end_time:\n                break\n>       raise TimeoutException(message, screen, stacktrace)\nE       selenium.common.exceptions.TimeoutException: Message:\n\nvenv\\lib\\site-packages\\selenium\\webdriver\\support\\wait.py:89: TimeoutException"}, "steps": [{"name": "FNO Login into bpusa website", "status": "broken", "statusDetails": {"message": "selenium.common.exceptions.TimeoutException: Message: \n\n", "trace": "  File \"D:\\FNO-WEB-selenium-python\\venv\\lib\\site-packages\\allure_commons\\_allure.py\", line 172, in impl\n    return func(*a, **kw)\n  File \"D:\\FNO-WEB-selenium-python\\tests\\ts_007\\test_tc_pa_007.py\", line 37, in test_tc_pa_007\n    tc_pa.checkTest()\n  File \"D:\\FNO-WEB-selenium-python\\Pages\\tc_pa_007.py\", line 143, in checkTest\n    test = wait.until(EC.visibility_of_element_located(\n  File \"D:\\FNO-WEB-selenium-python\\venv\\lib\\site-packages\\selenium\\webdriver\\support\\wait.py\", line 89, in until\n    raise TimeoutException(message, screen, stacktrace)\n"}, "start": 1652353678189, "stop": 1652353752962}], "attachments": [{"name": "log", "source": "dc1c4a88-6d80-4506-b759-6487dc9c66b7-attachment.txt", "type": "text/plain"}, {"name": "stdout", "source": "b17d709c-758f-4f63-b182-d77547b6a98d-attachment.txt", "type": "text/plain"}, {"name": "stderr", "source": "ed4e2826-36e1-49a5-a225-0ce276a664a5-attachment.txt", "type": "text/plain"}], "start": 1652353678189, "stop": 1652353753286, "uuid": "86760cf0-7634-419f-8be0-82e57e970f99", "historyId": "1783b0bf45e52f875278178886e6b43c", "testCaseId": "9d9cd03482a0919c9616898cc377fd6c", "fullName": "tests.ts_007.test_tc_pa_007.AIAnalyzer#test_tc_pa_007", "labels": [{"name": "parentSuite", "value": "tests.ts_007"}, {"name": "suite", "value": "test_tc_pa_007"}, {"name": "subSuite", "value": "AIAnalyzer"}, {"name": "host", "value": "Abire"}, {"name": "thread", "value": "10820-MainThread"}, {"name": "framework", "value": "pytest"}, {"name": "language", "value": "cpython3"}, {"name": "package", "value": "tests.ts_007.test_tc_pa_007"}]}