{"name": "test_tc_pa_045", "status": "broken", "statusDetails": {"message": "selenium.common.exceptions.TimeoutException: Message: \nStacktrace:\nBacktrace:\n\tOrdinal0 [0x0032B8F3+2406643]\n\tOrdinal0 [0x002BAF31+1945393]\n\tOrdinal0 [0x001AC748+837448]\n\tOrdinal0 [0x001D92E0+1020640]\n\tOrdinal0 [0x001D957B+1021307]\n\tOrdinal0 [0x00206372+1205106]\n\tOrdinal0 [0x001F42C4+1131204]\n\tOrdinal0 [0x00204682+1197698]\n\tOrdinal0 [0x001F4096+1130646]\n\tOrdinal0 [0x001CE636+976438]\n\tOrdinal0 [0x001CF546+980294]\n\tGetHandleVerifier [0x00599612+2498066]\n\tGetHandleVerifier [0x0058C920+2445600]\n\tGetHandleVerifier [0x003C4F2A+579370]\n\tGetHandleVerifier [0x003C3D36+574774]\n\tOrdinal0 [0x002C1C0B+1973259]\n\tOrdinal0 [0x002C6688+1992328]\n\tOrdinal0 [0x002C6775+1992565]\n\tOrdinal0 [0x002CF8D1+2029777]\n\tBaseThreadInitThunk [0x75F16739+25]\n\tRtlGetFullPathName_UEx [0x77218FEF+1215]\n\tRtlGetFullPathName_UEx [0x77218FBD+1165]\n\t(No symbol) [0x00000000]", "trace": "self = <tests.ts_007.test_tc_pa_045.AIAnalyzer testMethod=test_tc_pa_045>\n\n    @allure.step(\"FNO Login into bpusa website\")\n    def test_tc_pa_045(self):\n        tc_pa = tc_pa_045(self.driver)\n        tc_pa.set_email(\"lightweb@zdaly.com\")\n        tc_pa.set_password(\"zdaly@2900\")\n        tc_pa.click_sign_in()\n        tc_pa.selectState()\n        tc_pa.selectStation()\n        tc_pa.aiAnalyzer()\n        tc_pa.newRole()\n        tc_pa.roleName(\"Role TC_PA_045\")\n        tc_pa.selectProductDropDown()\n        tc_pa.selectProduct()\n        tc_pa.creditType()\n        tc_pa.referenceType()\n        tc_pa.competetorType()\n        tc_pa.competetorTypeSelect()\n        tc_pa.refProduct()\n        tc_pa.refProductSelect()\n        tc_pa.referenceCalculation()\n        tc_pa.referenceCalcType()\n        tc_pa.plusIcon()\n        tc_pa.value(\"15\")\n        tc_pa.testStartDate(\"04/01/2022\")\n        tc_pa.testEndDate(\"04/15/2022\")\n        tc_pa.test()\n        time.sleep(2)\n>       tc_pa.checkTest()\n\ntests\\ts_007\\test_tc_pa_045.py:37: \n_ _ _ _ _ _ _ _ _ _ _ _ _ _ _ _ _ _ _ _ _ _ _ _ _ _ _ _ _ _ _ _ _ _ _ _ _ _ _ _ _ _ _ _ _ _ _ _ _ _ _ _ _ _ _ _ _ _ _ _ _ _ _ _ _ _ _ _ _ _ _ _ _ _ _ _ _ _ _ _ _ _ _ _ _ _ _ _ _ _ _ _\nPages\\tc_pa_045.py:172: in checkTest\n    test = wait.until(EC.visibility_of_element_located(\n_ _ _ _ _ _ _ _ _ _ _ _ _ _ _ _ _ _ _ _ _ _ _ _ _ _ _ _ _ _ _ _ _ _ _ _ _ _ _ _ _ _ _ _ _ _ _ _ _ _ _ _ _ _ _ _ _ _ _ _ _ _ _ _ _ _ _ _ _ _ _ _ _ _ _ _ _ _ _ _ _ _ _ _ _ _ _ _ _ _ _ _\n\nself = <selenium.webdriver.support.wait.WebDriverWait (session=\"a83fb35db205f816b5a78a237052118d\")>\nmethod = <function visibility_of_element_located.<locals>._predicate at 0x000002487CBC7EE0>, message = ''\n\n    def until(self, method, message=''):\n        \"\"\"Calls the method provided with the driver as an argument until the \\\n        return value does not evaluate to ``False``.\n    \n        :param method: callable(WebDriver)\n        :param message: optional message for :exc:`TimeoutException`\n        :returns: the result of the last call to `method`\n        :raises: :exc:`selenium.common.exceptions.TimeoutException` if timeout occurs\n        \"\"\"\n        screen = None\n        stacktrace = None\n    \n        end_time = time.monotonic() + self._timeout\n        while True:\n            try:\n                value = method(self._driver)\n                if value:\n                    return value\n            except InvalidSelectorException as e:\n                raise e\n            except self._ignored_exceptions as exc:\n                screen = getattr(exc, 'screen', None)\n                stacktrace = getattr(exc, 'stacktrace', None)\n            time.sleep(self._poll)\n            if time.monotonic() > end_time:\n                break\n>       raise TimeoutException(message, screen, stacktrace)\nE       selenium.common.exceptions.TimeoutException: Message: \nE       Stacktrace:\nE       Backtrace:\nE       \tOrdinal0 [0x0032B8F3+2406643]\nE       \tOrdinal0 [0x002BAF31+1945393]\nE       \tOrdinal0 [0x001AC748+837448]\nE       \tOrdinal0 [0x001D92E0+1020640]\nE       \tOrdinal0 [0x001D957B+1021307]\nE       \tOrdinal0 [0x00206372+1205106]\nE       \tOrdinal0 [0x001F42C4+1131204]\nE       \tOrdinal0 [0x00204682+1197698]\nE       \tOrdinal0 [0x001F4096+1130646]\nE       \tOrdinal0 [0x001CE636+976438]\nE       \tOrdinal0 [0x001CF546+980294]\nE       \tGetHandleVerifier [0x00599612+2498066]\nE       \tGetHandleVerifier [0x0058C920+2445600]\nE       \tGetHandleVerifier [0x003C4F2A+579370]\nE       \tGetHandleVerifier [0x003C3D36+574774]\nE       \tOrdinal0 [0x002C1C0B+1973259]\nE       \tOrdinal0 [0x002C6688+1992328]\nE       \tOrdinal0 [0x002C6775+1992565]\nE       \tOrdinal0 [0x002CF8D1+2029777]\nE       \tBaseThreadInitThunk [0x75F16739+25]\nE       \tRtlGetFullPathName_UEx [0x77218FEF+1215]\nE       \tRtlGetFullPathName_UEx [0x77218FBD+1165]\nE       \t(No symbol) [0x00000000]\n\nvenv\\lib\\site-packages\\selenium\\webdriver\\support\\wait.py:89: TimeoutException"}, "steps": [{"name": "FNO Login into bpusa website", "status": "broken", "statusDetails": {"message": "selenium.common.exceptions.TimeoutException: Message: \nStacktrace:\nBacktrace:\n\tOrdinal0 [0x0032B8F3+2406643]\n\tOrdinal0 [0x002BAF31+1945393]\n\tOrdinal0 [0x001AC748+837448]\n\tOrdinal0 [0x001D92E0+1020640]\n\tOrdinal0 [0x001D957B+1021307]\n\tOrdinal0 [0x00206372+1205106]\n\tOrdinal0 [0x001F42C4+1131204]\n\tOrdinal0 [0x00204682+1197698]\n\tOrdinal0 [0x001F4096+1130646]\n\tOrdinal0 [0x001CE636+976438]\n\tOrdinal0 [0x001CF546+980294]\n\tGetHandleVerifier [0x00599612+2498066]\n\tGetHandleVerifier [0x0058C920+2445600]\n\tGetHandleVerifier [0x003C4F2A+579370]\n\tGetHandleVerifier [0x003C3D36+574774]\n\tOrdinal0 [0x002C1C0B+1973259]\n\tOrdinal0 [0x002C6688+1992328]\n\tOrdinal0 [0x002C6775+1992565]\n\tOrdinal0 [0x002CF8D1+2029777]\n\tBaseThreadInitThunk [0x75F16739+25]\n\tRtlGetFullPathName_UEx [0x77218FEF+1215]\n\tRtlGetFullPathName_UEx [0x77218FBD+1165]\n\t(No symbol) [0x00000000]\n\n", "trace": "  File \"D:\\FNO-WEB-selenium-python\\venv\\lib\\site-packages\\allure_commons\\_allure.py\", line 172, in impl\n    return func(*a, **kw)\n  File \"D:\\FNO-WEB-selenium-python\\tests\\ts_007\\test_tc_pa_045.py\", line 37, in test_tc_pa_045\n    tc_pa.checkTest()\n  File \"D:\\FNO-WEB-selenium-python\\Pages\\tc_pa_045.py\", line 172, in checkTest\n    test = wait.until(EC.visibility_of_element_located(\n  File \"D:\\FNO-WEB-selenium-python\\venv\\lib\\site-packages\\selenium\\webdriver\\support\\wait.py\", line 89, in until\n    raise TimeoutException(message, screen, stacktrace)\n"}, "start": 1652357641689, "stop": 1652357715058}], "attachments": [{"name": "log", "source": "92dc8907-80c0-43cb-8561-f3935c362afb-attachment.txt", "type": "text/plain"}, {"name": "stdout", "source": "10fec5b3-3d80-4d0c-8689-ad7193262ea3-attachment.txt", "type": "text/plain"}, {"name": "stderr", "source": "ca9fdcc9-62f4-42c2-848f-c05e7adca1ac-attachment.txt", "type": "text/plain"}], "start": 1652357641689, "stop": 1652357715062, "uuid": "66289001-cf52-4095-a43c-ca741f425071", "historyId": "bfe3fb52200616af935295bfdce0c29c", "testCaseId": "6e60150ef7b12eaffd7d9246bab00ccb", "fullName": "tests.ts_007.test_tc_pa_045.AIAnalyzer#test_tc_pa_045", "labels": [{"name": "parentSuite", "value": "tests.ts_007"}, {"name": "suite", "value": "test_tc_pa_045"}, {"name": "subSuite", "value": "AIAnalyzer"}, {"name": "host", "value": "Abire"}, {"name": "thread", "value": "18740-MainThread"}, {"name": "framework", "value": "pytest"}, {"name": "language", "value": "cpython3"}, {"name": "package", "value": "tests.ts_007.test_tc_pa_045"}]}